<?xml version="1.0" encoding="UTF-8"?>
<!-- Generated by org.testng.reporters.JUnitReportReporter -->
<testsuite hostname="DESKTOP-5U485HB" failures="0" tests="1" name="mavenforjenkins.UITests" time="17.758" errors="0" timestamp="2022-03-24T13:25:01 IST" skipped="0">
  <testcase classname="mavenforjenkins.UITests" name="startBrowser" time="17.758"/>
  <system-out/>
</testsuite> <!-- mavenforjenkins.UITests -->
